0 info it worked if it ends with ok
1 verbose cli [ '/usr/local/bin/node',
1 verbose cli   '/usr/local/bin/npm',
1 verbose cli   'install',
1 verbose cli   'passport',
1 verbose cli   'passport-local',
1 verbose cli   'passport-lo' ]
2 info using npm@2.15.0
3 info using node@v4.4.2
4 verbose install initial load of /Volumes/Disk1/Coursera/zSpace/01_webstack/05Wk03/z_rest-server-passport_backup/package.json
5 verbose installManyTop reading scoped package data from /Volumes/Disk1/Coursera/zSpace/01_webstack/05Wk03/z_rest-server-passport_backup/node_modules/body-parser/package.json
6 verbose installManyTop reading scoped package data from /Volumes/Disk1/Coursera/zSpace/01_webstack/05Wk03/z_rest-server-passport_backup/node_modules/cookie-parser/package.json
7 verbose installManyTop reading scoped package data from /Volumes/Disk1/Coursera/zSpace/01_webstack/05Wk03/z_rest-server-passport_backup/node_modules/debug/package.json
8 verbose installManyTop reading scoped package data from /Volumes/Disk1/Coursera/zSpace/01_webstack/05Wk03/z_rest-server-passport_backup/node_modules/express/package.json
9 verbose installManyTop reading scoped package data from /Volumes/Disk1/Coursera/zSpace/01_webstack/05Wk03/z_rest-server-passport_backup/node_modules/jade/package.json
10 verbose installManyTop reading scoped package data from /Volumes/Disk1/Coursera/zSpace/01_webstack/05Wk03/z_rest-server-passport_backup/node_modules/jsonwebtoken/package.json
11 verbose installManyTop reading scoped package data from /Volumes/Disk1/Coursera/zSpace/01_webstack/05Wk03/z_rest-server-passport_backup/node_modules/mongoose/package.json
12 verbose installManyTop reading scoped package data from /Volumes/Disk1/Coursera/zSpace/01_webstack/05Wk03/z_rest-server-passport_backup/node_modules/mongoose-currency/package.json
13 verbose installManyTop reading scoped package data from /Volumes/Disk1/Coursera/zSpace/01_webstack/05Wk03/z_rest-server-passport_backup/node_modules/morgan/package.json
14 verbose installManyTop reading scoped package data from /Volumes/Disk1/Coursera/zSpace/01_webstack/05Wk03/z_rest-server-passport_backup/node_modules/passport/package.json
15 verbose installManyTop reading scoped package data from /Volumes/Disk1/Coursera/zSpace/01_webstack/05Wk03/z_rest-server-passport_backup/node_modules/passport-local/package.json
16 verbose installManyTop reading scoped package data from /Volumes/Disk1/Coursera/zSpace/01_webstack/05Wk03/z_rest-server-passport_backup/node_modules/passport-local-mongoose/package.json
17 verbose installManyTop reading scoped package data from /Volumes/Disk1/Coursera/zSpace/01_webstack/05Wk03/z_rest-server-passport_backup/node_modules/serve-favicon/package.json
18 info package.json passport@0.3.2 No README data
19 info package.json passport-local@1.0.0 No license field.
20 verbose readDependencies loading dependencies from /Volumes/Disk1/Coursera/zSpace/01_webstack/05Wk03/z_rest-server-passport_backup/package.json
21 verbose install passport is installed as 0.3.2
22 silly cache add args [ 'passport@^0.3.2', null ]
23 verbose cache add spec passport@^0.3.2
24 verbose install passport-local is installed as 1.0.0
25 silly cache add args [ 'passport-local@^1.0.0', null ]
26 verbose cache add spec passport-local@^1.0.0
27 silly cache add args [ 'passport-lo', null ]
28 verbose cache add spec passport-lo
29 silly cache add parsed spec Result {
29 silly cache add   raw: 'passport@^0.3.2',
29 silly cache add   scope: null,
29 silly cache add   name: 'passport',
29 silly cache add   rawSpec: '^0.3.2',
29 silly cache add   spec: '>=0.3.2 <0.4.0',
29 silly cache add   type: 'range' }
30 silly addNamed passport@>=0.3.2 <0.4.0
31 verbose addNamed ">=0.3.2 <0.4.0" is a valid semver range for passport
32 silly addNameRange { name: 'passport', range: '>=0.3.2 <0.4.0', hasData: false }
33 silly mapToRegistry name passport
34 silly mapToRegistry using default registry
35 silly mapToRegistry registry https://registry.npmjs.org/
36 silly mapToRegistry data Result {
36 silly mapToRegistry   raw: 'passport',
36 silly mapToRegistry   scope: null,
36 silly mapToRegistry   name: 'passport',
36 silly mapToRegistry   rawSpec: '',
36 silly mapToRegistry   spec: 'latest',
36 silly mapToRegistry   type: 'tag' }
37 silly mapToRegistry uri https://registry.npmjs.org/passport
38 verbose addNameRange registry:https://registry.npmjs.org/passport not in flight; fetching
39 silly cache add parsed spec Result {
39 silly cache add   raw: 'passport-local@^1.0.0',
39 silly cache add   scope: null,
39 silly cache add   name: 'passport-local',
39 silly cache add   rawSpec: '^1.0.0',
39 silly cache add   spec: '>=1.0.0 <2.0.0',
39 silly cache add   type: 'range' }
40 silly addNamed passport-local@>=1.0.0 <2.0.0
41 verbose addNamed ">=1.0.0 <2.0.0" is a valid semver range for passport-local
42 silly addNameRange { name: 'passport-local',
42 silly addNameRange   range: '>=1.0.0 <2.0.0',
42 silly addNameRange   hasData: false }
43 silly mapToRegistry name passport-local
44 silly mapToRegistry using default registry
45 silly mapToRegistry registry https://registry.npmjs.org/
46 silly mapToRegistry data Result {
46 silly mapToRegistry   raw: 'passport-local',
46 silly mapToRegistry   scope: null,
46 silly mapToRegistry   name: 'passport-local',
46 silly mapToRegistry   rawSpec: '',
46 silly mapToRegistry   spec: 'latest',
46 silly mapToRegistry   type: 'tag' }
47 silly mapToRegistry uri https://registry.npmjs.org/passport-local
48 verbose addNameRange registry:https://registry.npmjs.org/passport-local not in flight; fetching
49 silly cache add parsed spec Result {
49 silly cache add   raw: 'passport-lo',
49 silly cache add   scope: null,
49 silly cache add   name: 'passport-lo',
49 silly cache add   rawSpec: '',
49 silly cache add   spec: 'latest',
49 silly cache add   type: 'tag' }
50 silly addNamed passport-lo@latest
51 verbose addNamed "latest" is being treated as a dist-tag for passport-lo
52 info addNameTag [ 'passport-lo', 'latest' ]
53 silly mapToRegistry name passport-lo
54 silly mapToRegistry using default registry
55 silly mapToRegistry registry https://registry.npmjs.org/
56 silly mapToRegistry data Result {
56 silly mapToRegistry   raw: 'passport-lo',
56 silly mapToRegistry   scope: null,
56 silly mapToRegistry   name: 'passport-lo',
56 silly mapToRegistry   rawSpec: '',
56 silly mapToRegistry   spec: 'latest',
56 silly mapToRegistry   type: 'tag' }
57 silly mapToRegistry uri https://registry.npmjs.org/passport-lo
58 verbose addNameTag registry:https://registry.npmjs.org/passport-lo not in flight; fetching
59 verbose request uri https://registry.npmjs.org/passport-lo
60 verbose request no auth needed
61 info attempt registry request try #1 at 7:41:41 PM
62 verbose request id 8121e564cfaa5a76
63 http request GET https://registry.npmjs.org/passport-lo
64 verbose request uri https://registry.npmjs.org/passport
65 verbose request no auth needed
66 info attempt registry request try #1 at 7:41:41 PM
67 verbose etag "3ZSUJ7OANYD36ANNOOSVCBPKZ"
68 http request GET https://registry.npmjs.org/passport
69 verbose request uri https://registry.npmjs.org/passport-local
70 verbose request no auth needed
71 info attempt registry request try #1 at 7:41:41 PM
72 verbose etag "75UP9A85PD0ZBNTW3U5ODINXL"
73 http request GET https://registry.npmjs.org/passport-local
74 http 304 https://registry.npmjs.org/passport-local
75 verbose headers { date: 'Fri, 13 May 2016 23:41:41 GMT',
75 verbose headers   via: '1.1 varnish',
75 verbose headers   'cache-control': 'max-age=300',
75 verbose headers   etag: '"75UP9A85PD0ZBNTW3U5ODINXL"',
75 verbose headers   age: '217',
75 verbose headers   connection: 'keep-alive',
75 verbose headers   'x-served-by': 'cache-iad2121-IAD',
75 verbose headers   'x-cache': 'HIT',
75 verbose headers   'x-cache-hits': '85',
75 verbose headers   'x-timer': 'S1463182901.880003,VS0,VE0',
75 verbose headers   vary: 'Accept-Encoding' }
76 silly get cb [ 304,
76 silly get   { date: 'Fri, 13 May 2016 23:41:41 GMT',
76 silly get     via: '1.1 varnish',
76 silly get     'cache-control': 'max-age=300',
76 silly get     etag: '"75UP9A85PD0ZBNTW3U5ODINXL"',
76 silly get     age: '217',
76 silly get     connection: 'keep-alive',
76 silly get     'x-served-by': 'cache-iad2121-IAD',
76 silly get     'x-cache': 'HIT',
76 silly get     'x-cache-hits': '85',
76 silly get     'x-timer': 'S1463182901.880003,VS0,VE0',
76 silly get     vary: 'Accept-Encoding' } ]
77 verbose etag https://registry.npmjs.org/passport-local from cache
78 verbose get saving passport-local to /Users/mopom/.npm/registry.npmjs.org/passport-local/.cache.json
79 verbose correctMkdir /Users/mopom/.npm correctMkdir not in flight; initializing
80 http 304 https://registry.npmjs.org/passport
81 verbose headers { date: 'Fri, 13 May 2016 23:41:41 GMT',
81 verbose headers   via: '1.1 varnish',
81 verbose headers   'cache-control': 'max-age=300',
81 verbose headers   etag: '"3ZSUJ7OANYD36ANNOOSVCBPKZ"',
81 verbose headers   age: '59',
81 verbose headers   connection: 'keep-alive',
81 verbose headers   'x-served-by': 'cache-iad2143-IAD',
81 verbose headers   'x-cache': 'HIT',
81 verbose headers   'x-cache-hits': '1',
81 verbose headers   'x-timer': 'S1463182901.881565,VS0,VE0',
81 verbose headers   vary: 'Accept-Encoding' }
82 silly get cb [ 304,
82 silly get   { date: 'Fri, 13 May 2016 23:41:41 GMT',
82 silly get     via: '1.1 varnish',
82 silly get     'cache-control': 'max-age=300',
82 silly get     etag: '"3ZSUJ7OANYD36ANNOOSVCBPKZ"',
82 silly get     age: '59',
82 silly get     connection: 'keep-alive',
82 silly get     'x-served-by': 'cache-iad2143-IAD',
82 silly get     'x-cache': 'HIT',
82 silly get     'x-cache-hits': '1',
82 silly get     'x-timer': 'S1463182901.881565,VS0,VE0',
82 silly get     vary: 'Accept-Encoding' } ]
83 verbose etag https://registry.npmjs.org/passport from cache
84 verbose get saving passport to /Users/mopom/.npm/registry.npmjs.org/passport/.cache.json
85 verbose correctMkdir /Users/mopom/.npm correctMkdir already in flight; waiting
86 silly addNameRange number 2 { name: 'passport-local',
86 silly addNameRange   range: '>=1.0.0 <2.0.0',
86 silly addNameRange   hasData: true }
87 silly addNameRange versions [ 'passport-local',
87 silly addNameRange   [ '0.1.0',
87 silly addNameRange     '0.1.1',
87 silly addNameRange     '0.1.2',
87 silly addNameRange     '0.1.3',
87 silly addNameRange     '0.1.4',
87 silly addNameRange     '0.1.5',
87 silly addNameRange     '0.1.6',
87 silly addNameRange     '1.0.0' ] ]
88 silly addNamed passport-local@1.0.0
89 verbose addNamed "1.0.0" is a plain semver version for passport-local
90 silly addNameRange number 2 { name: 'passport', range: '>=0.3.2 <0.4.0', hasData: true }
91 silly addNameRange versions [ 'passport',
91 silly addNameRange   [ '0.1.0',
91 silly addNameRange     '0.1.1',
91 silly addNameRange     '0.1.2',
91 silly addNameRange     '0.1.3',
91 silly addNameRange     '0.1.4',
91 silly addNameRange     '0.1.5',
91 silly addNameRange     '0.1.6',
91 silly addNameRange     '0.1.7',
91 silly addNameRange     '0.1.8',
91 silly addNameRange     '0.1.9',
91 silly addNameRange     '0.1.10',
91 silly addNameRange     '0.1.11',
91 silly addNameRange     '0.1.12',
91 silly addNameRange     '0.1.13',
91 silly addNameRange     '0.1.14',
91 silly addNameRange     '0.1.15',
91 silly addNameRange     '0.1.16',
91 silly addNameRange     '0.1.17',
91 silly addNameRange     '0.1.18',
91 silly addNameRange     '0.2.0',
91 silly addNameRange     '0.2.1',
91 silly addNameRange     '0.2.2',
91 silly addNameRange     '0.3.0',
91 silly addNameRange     '0.3.1',
91 silly addNameRange     '0.3.2' ] ]
92 silly addNamed passport@0.3.2
93 verbose addNamed "0.3.2" is a plain semver version for passport
94 silly cache afterAdd passport-local@1.0.0
95 verbose afterAdd /Users/mopom/.npm/passport-local/1.0.0/package/package.json not in flight; writing
96 verbose correctMkdir /Users/mopom/.npm correctMkdir not in flight; initializing
97 silly cache afterAdd passport@0.3.2
98 verbose afterAdd /Users/mopom/.npm/passport/0.3.2/package/package.json not in flight; writing
99 verbose correctMkdir /Users/mopom/.npm correctMkdir not in flight; initializing
100 verbose afterAdd /Users/mopom/.npm/passport-local/1.0.0/package/package.json written
101 verbose afterAdd /Users/mopom/.npm/passport/0.3.2/package/package.json written
102 http 404 https://registry.npmjs.org/passport-lo
103 verbose headers { 'content-type': 'application/json',
103 verbose headers   'cache-control': 'max-age=0',
103 verbose headers   'content-length': '2',
103 verbose headers   'accept-ranges': 'bytes',
103 verbose headers   date: 'Fri, 13 May 2016 23:41:41 GMT',
103 verbose headers   via: '1.1 varnish',
103 verbose headers   age: '0',
103 verbose headers   connection: 'keep-alive',
103 verbose headers   'x-served-by': 'cache-iad2138-IAD',
103 verbose headers   'x-cache': 'MISS',
103 verbose headers   'x-cache-hits': '0',
103 verbose headers   'x-timer': 'S1463182901.882182,VS0,VE101',
103 verbose headers   vary: 'Accept-Encoding' }
104 silly get cb [ 404,
104 silly get   { 'content-type': 'application/json',
104 silly get     'cache-control': 'max-age=0',
104 silly get     'content-length': '2',
104 silly get     'accept-ranges': 'bytes',
104 silly get     date: 'Fri, 13 May 2016 23:41:41 GMT',
104 silly get     via: '1.1 varnish',
104 silly get     age: '0',
104 silly get     connection: 'keep-alive',
104 silly get     'x-served-by': 'cache-iad2138-IAD',
104 silly get     'x-cache': 'MISS',
104 silly get     'x-cache-hits': '0',
104 silly get     'x-timer': 'S1463182901.882182,VS0,VE101',
104 silly get     vary: 'Accept-Encoding' } ]
105 verbose stack Error: Registry returned 404 for GET on https://registry.npmjs.org/passport-lo
105 verbose stack     at makeError (/usr/local/lib/node_modules/npm/node_modules/npm-registry-client/lib/request.js:264:12)
105 verbose stack     at CachingRegistryClient.<anonymous> (/usr/local/lib/node_modules/npm/node_modules/npm-registry-client/lib/request.js:242:14)
105 verbose stack     at Request._callback (/usr/local/lib/node_modules/npm/node_modules/npm-registry-client/lib/request.js:172:14)
105 verbose stack     at Request.self.callback (/usr/local/lib/node_modules/npm/node_modules/request/request.js:199:22)
105 verbose stack     at emitTwo (events.js:87:13)
105 verbose stack     at Request.emit (events.js:172:7)
105 verbose stack     at Request.<anonymous> (/usr/local/lib/node_modules/npm/node_modules/request/request.js:1036:10)
105 verbose stack     at emitOne (events.js:82:20)
105 verbose stack     at Request.emit (events.js:169:7)
105 verbose stack     at IncomingMessage.<anonymous> (/usr/local/lib/node_modules/npm/node_modules/request/request.js:963:12)
106 verbose statusCode 404
107 verbose pkgid passport-lo
108 verbose cwd /Volumes/Disk1/Coursera/zSpace/01_webstack/05Wk03/z_rest-server-passport_backup
109 error Darwin 15.4.0
110 error argv "/usr/local/bin/node" "/usr/local/bin/npm" "install" "passport" "passport-local" "passport-lo"
111 error node v4.4.2
112 error npm  v2.15.0
113 error code E404
114 error 404 Registry returned 404 for GET on https://registry.npmjs.org/passport-lo
114 error 404
114 error 404 'passport-lo' is not in the npm registry.
114 error 404 You should bug the author to publish it (or use the name yourself!)
114 error 404 It was specified as a dependency of 'rest-server'
114 error 404
114 error 404 Note that you can also install from a
114 error 404 tarball, folder, http url, or git url.
115 verbose exit [ 1, true ]
